빌드 시작: 2017-02-03 오전 5:58:15
     1>2 노드의 "C:\Users\EomJaeWoong\Documents\Visual Studio 2013\Projects\16.09.19_TCPFighter_serv\TCPFighter_serv\TCPFighter_serv.vcxproj" 프로젝트(Build 대상)입니다.
     1>ClCompile:
         C:\Program Files (x86)\Microsoft Visual Studio 12.0\VC\bin\x86_amd64\CL.exe /c /Zi /nologo /W3 /WX- /sdl /Od /Oi /GL /D WIN32 /D NDEBUG /D _CONSOLE /D _LIB /D _UNICODE /D UNICODE /Gm- /EHsc /MT /GS /Gy /fp:precise /Zc:wchar_t /Zc:forScope /Fo"x64\Release\\" /Fd"x64\Release\vc120.pdb" /Gd /TP /errorReport:prompt Content.cpp Log.cpp main.cpp Network.cpp NPacket.cpp Sector.cpp StreamQueue.cpp
         Content.cpp
         Log.cpp
         main.cpp
         Network.cpp
     1>Network.cpp(75): warning C4101: 'retval' :참조되지 않은 지역 변수입니다.
         NPacket.cpp
     1>NPacket.cpp(135): warning C4267: '인수' : 'size_t'에서 'int'(으)로 변환하면서 데이터가 손실될 수 있습니다.
     1>NPacket.cpp(199): warning C4267: '인수' : 'size_t'에서 'int'(으)로 변환하면서 데이터가 손실될 수 있습니다.
         Sector.cpp
         StreamQueue.cpp
       Link:
         C:\Program Files (x86)\Microsoft Visual Studio 12.0\VC\bin\x86_amd64\link.exe /ERRORREPORT:PROMPT /OUT:"C:\Users\EomJaeWoong\Documents\Visual Studio 2013\Projects\16.09.19_TCPFighter_serv\x64\Release\TCPFighter_serv.exe" /INCREMENTAL:NO /NOLOGO kernel32.lib user32.lib gdi32.lib winspool.lib comdlg32.lib advapi32.lib shell32.lib ole32.lib oleaut32.lib uuid.lib odbc32.lib odbccp32.lib /MANIFEST /MANIFESTUAC:"level='asInvoker' uiAccess='false'" /manifest:embed /DEBUG /PDB:"C:\Users\EomJaeWoong\Documents\Visual Studio 2013\Projects\16.09.19_TCPFighter_serv\x64\Release\TCPFighter_serv.pdb" /SUBSYSTEM:CONSOLE /OPT:REF /OPT:ICF /LTCG /TLBID:1 /DYNAMICBASE /NXCOMPAT /IMPLIB:"C:\Users\EomJaeWoong\Documents\Visual Studio 2013\Projects\16.09.19_TCPFighter_serv\x64\Release\TCPFighter_serv.lib" /MACHINE:X64 x64\Release\Content.obj
         x64\Release\Log.obj
         x64\Release\main.obj
         x64\Release\Network.obj
         x64\Release\NPacket.obj
         x64\Release\Sector.obj
         x64\Release\StreamQueue.obj
         코드를 생성하고 있습니다.
         코드를 생성했습니다.
         TCPFighter_serv.vcxproj -> C:\Users\EomJaeWoong\Documents\Visual Studio 2013\Projects\16.09.19_TCPFighter_serv\x64\Release\TCPFighter_serv.exe
     1>"C:\Users\EomJaeWoong\Documents\Visual Studio 2013\Projects\16.09.19_TCPFighter_serv\TCPFighter_serv\TCPFighter_serv.vcxproj" 프로젝트를 빌드했습니다(Build 대상).

빌드했습니다.

경과 시간: 00:00:03.98
